<?xml version="1.0" encoding="UTF-8"?>
<testng-results skipped="0" failed="0" ignored="0" total="1" passed="1">
  <reporter-output>
  </reporter-output>
  <suite name="Surefire suite" duration-ms="35" started-at="2022-06-13T16:41:35 IST" finished-at="2022-06-13T16:41:35 IST">
    <groups>
    </groups>
    <test name="Surefire test" duration-ms="35" started-at="2022-06-13T16:41:35 IST" finished-at="2022-06-13T16:41:35 IST">
      <class name="CucumberTest.featureFiles.AppTest">
        <test-method status="PASS" signature="shouldAnswerWithTrue()" name="shouldAnswerWithTrue" duration-ms="5" started-at="2022-06-13T16:41:35 IST" finished-at="2022-06-13T16:41:35 IST">
          <reporter-output>
          </reporter-output>
        </test-method> <!-- shouldAnswerWithTrue -->
      </class> <!-- CucumberTest.featureFiles.AppTest -->
    </test> <!-- Surefire test -->
  </suite> <!-- Surefire suite -->
</testng-results>
