<?xml version="1.0" encoding="UTF-8"?>
<testng-results skipped="0" failed="0" ignored="0" total="0" passed="0">
  <reporter-output>
  </reporter-output>
  <suite name="Default suite" duration-ms="145" started-at="2022-03-09T18:33:03 IST" finished-at="2022-03-09T18:33:03 IST">
    <groups>
      <group name="cucumber">
        <method signature="AbstractTestNGCucumberTests.runScenario(io.cucumber.testng.PickleWrapper, io.cucumber.testng.FeatureWrapper)[pri:0, instance:CucumberTest.runner.Mainrunner@2a556333]" name="runScenario" class="io.cucumber.testng.AbstractTestNGCucumberTests"/>
      </group> <!-- cucumber -->
    </groups>
    <test name="Default test" duration-ms="145" started-at="2022-03-09T18:33:03 IST" finished-at="2022-03-09T18:33:03 IST">
      <class name="CucumberTest.runner.Mainrunner">
        <test-method status="PASS" signature="setUpClass()[pri:0, instance:CucumberTest.runner.Mainrunner@2a556333]" name="setUpClass" is-config="true" duration-ms="120" started-at="2022-03-09T18:33:03 IST" finished-at="2022-03-09T18:33:03 IST">
          <reporter-output>
          </reporter-output>
        </test-method> <!-- setUpClass -->
        <test-method status="PASS" signature="tearDownClass()[pri:0, instance:CucumberTest.runner.Mainrunner@2a556333]" name="tearDownClass" is-config="true" duration-ms="7" started-at="2022-03-09T18:33:03 IST" finished-at="2022-03-09T18:33:03 IST">
          <reporter-output>
          </reporter-output>
        </test-method> <!-- tearDownClass -->
      </class> <!-- CucumberTest.runner.Mainrunner -->
    </test> <!-- Default test -->
  </suite> <!-- Default suite -->
</testng-results>
